This file contains any messages produced by compilers while
running configure, to aid debugging if configure makes a mistake.

It was created by arsenic configure 0.1, which was
generated by GNU Autoconf 2.68.  Invocation command line was

  $ ./configure --no-create --no-recursion

## --------- ##
## Platform. ##
## --------- ##

hostname = Jordan-Ms-MacBook.local
uname -m = i386
uname -r = 10.6.0
uname -s = Darwin
uname -v = Darwin Kernel Version 10.6.0: Wed Nov 10 18:13:17 PST 2010; root:xnu-1504.9.26~3/RELEASE_I386

/usr/bin/uname -p = i386
/bin/uname -X     = unknown

/bin/arch              = unknown
/usr/bin/arch -k       = unknown
/usr/convex/getsysinfo = unknown
/usr/bin/hostinfo      = Mach kernel version:
	 Darwin Kernel Version 10.6.0: Wed Nov 10 18:13:17 PST 2010; root:xnu-1504.9.26~3/RELEASE_I386
Kernel configured for up to 2 processors.
2 processors are physically available.
2 processors are logically available.
Processor type: i486 (Intel 80486)
Processors active: 0 1
Primary memory available: 4.00 gigabytes
Default processor set: 81 tasks, 395 threads, 2 processors
Load average: 1.51, Mach factor: 0.71
/bin/machine           = unknown
/usr/bin/oslevel       = unknown
/bin/universe          = unknown

PATH: /opt/local/bin
PATH: /opt/local/sbin
PATH: /opt/theos/bin
PATH: /usr/local/sbin
PATH: /usr/bin
PATH: /bin
PATH: /usr/sbin
PATH: /sbin
PATH: /usr/local/bin
PATH: /usr/local/git/bin
PATH: /usr/X11/bin


## ----------- ##
## Core tests. ##
## ----------- ##

configure:2321: checking for a BSD-compatible install
configure:2389: result: /usr/bin/install -c
configure:2400: checking whether build environment is sane
configure:2450: result: yes
configure:2591: checking for a thread-safe mkdir -p
configure:2630: result: ./install-sh -c -d
configure:2643: checking for gawk
configure:2673: result: no
configure:2643: checking for mawk
configure:2673: result: no
configure:2643: checking for nawk
configure:2673: result: no
configure:2643: checking for awk
configure:2659: found /usr/bin/awk
configure:2670: result: awk
configure:2681: checking whether make sets $(MAKE)
configure:2703: result: yes
configure:2847: checking for g++
configure:2863: found /usr/bin/g++
configure:2874: result: g++
configure:2901: checking for C++ compiler version
configure:2910: g++ --version >&5
i686-apple-darwin10-g++-4.2.1 (GCC) 4.2.1 (Apple Inc. build 5666) (dot 3)
Copyright (C) 2007 Free Software Foundation, Inc.
This is free software; see the source for copying conditions.  There is NO
warranty; not even for MERCHANTABILITY or FITNESS FOR A PARTICULAR PURPOSE.

configure:2921: $? = 0
configure:2910: g++ -v >&5
Using built-in specs.
Target: i686-apple-darwin10
Configured with: /var/tmp/gcc/gcc-5666.3~74/src/configure --disable-checking --enable-werror --prefix=/usr --mandir=/share/man --enable-languages=c,objc,c++,obj-c++ --program-transform-name=/^[cg][^.-]*$/s/$/-4.2/ --with-slibdir=/usr/lib --build=i686-apple-darwin10 --program-prefix=i686-apple-darwin10- --host=x86_64-apple-darwin10 --target=i686-apple-darwin10 --with-gxx-include-dir=/include/c++/4.2.1
Thread model: posix
gcc version 4.2.1 (Apple Inc. build 5666) (dot 3)
configure:2921: $? = 0
configure:2910: g++ -V >&5
g++-4.2: argument to `-V' is missing
configure:2921: $? = 1
configure:2910: g++ -qversion >&5
i686-apple-darwin10-g++-4.2.1: no input files
configure:2921: $? = 1
configure:2941: checking whether the C++ compiler works
configure:2963: g++    conftest.cpp  >&5
configure:2967: $? = 0
configure:3015: result: yes
configure:3018: checking for C++ compiler default output file name
configure:3020: result: a.out
configure:3026: checking for suffix of executables
configure:3033: g++ -o conftest    conftest.cpp  >&5
configure:3037: $? = 0
configure:3059: result: 
configure:3081: checking whether we are cross compiling
configure:3089: g++ -o conftest    conftest.cpp  >&5
configure:3093: $? = 0
configure:3100: ./conftest
configure:3104: $? = 0
configure:3119: result: no
configure:3124: checking for suffix of object files
configure:3146: g++ -c   conftest.cpp >&5
configure:3150: $? = 0
configure:3171: result: o
configure:3175: checking whether we are using the GNU C++ compiler
configure:3194: g++ -c   conftest.cpp >&5
configure:3194: $? = 0
configure:3203: result: yes
configure:3212: checking whether g++ accepts -g
configure:3232: g++ -c -g  conftest.cpp >&5
configure:3232: $? = 0
configure:3273: result: yes
configure:3307: checking for style of include used by make
configure:3335: result: GNU
configure:3360: checking dependency style of g++
configure:3470: result: gcc3
configure:3535: checking for gcc
configure:3551: found /usr/bin/gcc
configure:3562: result: gcc
configure:3791: checking for C compiler version
configure:3800: gcc --version >&5
i686-apple-darwin10-gcc-4.2.1 (GCC) 4.2.1 (Apple Inc. build 5666) (dot 3)
Copyright (C) 2007 Free Software Foundation, Inc.
This is free software; see the source for copying conditions.  There is NO
warranty; not even for MERCHANTABILITY or FITNESS FOR A PARTICULAR PURPOSE.

configure:3811: $? = 0
configure:3800: gcc -v >&5
Using built-in specs.
Target: i686-apple-darwin10
Configured with: /var/tmp/gcc/gcc-5666.3~74/src/configure --disable-checking --enable-werror --prefix=/usr --mandir=/share/man --enable-languages=c,objc,c++,obj-c++ --program-transform-name=/^[cg][^.-]*$/s/$/-4.2/ --with-slibdir=/usr/lib --build=i686-apple-darwin10 --program-prefix=i686-apple-darwin10- --host=x86_64-apple-darwin10 --target=i686-apple-darwin10 --with-gxx-include-dir=/include/c++/4.2.1
Thread model: posix
gcc version 4.2.1 (Apple Inc. build 5666) (dot 3)
configure:3811: $? = 0
configure:3800: gcc -V >&5
gcc-4.2: argument to `-V' is missing
configure:3811: $? = 1
configure:3800: gcc -qversion >&5
i686-apple-darwin10-gcc-4.2.1: no input files
configure:3811: $? = 1
configure:3815: checking whether we are using the GNU C compiler
configure:3834: gcc -c   conftest.c >&5
configure:3834: $? = 0
configure:3843: result: yes
configure:3852: checking whether gcc accepts -g
configure:3872: gcc -c -g  conftest.c >&5
configure:3872: $? = 0
configure:3913: result: yes
configure:3930: checking for gcc option to accept ISO C89
configure:3994: gcc  -c -g -O2  conftest.c >&5
configure:3994: $? = 0
configure:4007: result: none needed
configure:4029: checking dependency style of gcc
configure:4139: result: gcc3
configure:4155: checking for CRYPTO_free in -lcrypto
configure:4180: gcc -o conftest -g -O2   conftest.c -lcrypto   >&5
configure:4180: $? = 0
configure:4189: result: yes
configure:4202: checking for curl_version in -lcurl
configure:4227: gcc -o conftest -g -O2   conftest.c -lcurl  -lcrypto  >&5
configure:4227: $? = 0
configure:4236: result: yes
configure:4249: checking for receiveData in -lpartial
configure:4274: gcc -o conftest -g -O2   conftest.c -lpartial  -lcurl -lcrypto  >&5
Undefined symbols for architecture x86_64:
  "_receiveData", referenced from:
      _main in ccGILAYX.o
ld: symbol(s) not found for architecture x86_64
collect2: ld returned 1 exit status
configure:4274: $? = 1
configure: failed program was:
| /* confdefs.h */
| #define PACKAGE_NAME "arsenic"
| #define PACKAGE_TARNAME "arsenic"
| #define PACKAGE_VERSION "0.1"
| #define PACKAGE_STRING "arsenic 0.1"
| #define PACKAGE_BUGREPORT "opensource@chronic-dev.org"
| #define PACKAGE_URL ""
| #define PACKAGE "arsenic"
| #define VERSION "0.1"
| #define HAVE_LIBCRYPTO 1
| #define HAVE_LIBCURL 1
| /* end confdefs.h.  */
| 
| /* Override any GCC internal prototype to avoid an error.
|    Use char because int might match the return type of a GCC
|    builtin and then its argument prototype would still apply.  */
| #ifdef __cplusplus
| extern "C"
| #endif
| char receiveData ();
| int
| main ()
| {
| return receiveData ();
|   ;
|   return 0;
| }
configure:4283: result: no
configure:4293: error: libpartial not found

## ---------------- ##
## Cache variables. ##
## ---------------- ##

ac_cv_c_compiler_gnu=yes
ac_cv_cxx_compiler_gnu=yes
ac_cv_env_CCC_set=
ac_cv_env_CCC_value=
ac_cv_env_CC_set=
ac_cv_env_CC_value=
ac_cv_env_CFLAGS_set=
ac_cv_env_CFLAGS_value=
ac_cv_env_CPPFLAGS_set=
ac_cv_env_CPPFLAGS_value=
ac_cv_env_CPP_set=
ac_cv_env_CPP_value=
ac_cv_env_CXXFLAGS_set=
ac_cv_env_CXXFLAGS_value=
ac_cv_env_CXX_set=
ac_cv_env_CXX_value=
ac_cv_env_LDFLAGS_set=
ac_cv_env_LDFLAGS_value=
ac_cv_env_LIBS_set=
ac_cv_env_LIBS_value=
ac_cv_env_build_alias_set=
ac_cv_env_build_alias_value=
ac_cv_env_host_alias_set=
ac_cv_env_host_alias_value=
ac_cv_env_target_alias_set=
ac_cv_env_target_alias_value=
ac_cv_lib_crypto_CRYPTO_free=yes
ac_cv_lib_curl_curl_version=yes
ac_cv_lib_partial_receiveData=no
ac_cv_objext=o
ac_cv_path_install='/usr/bin/install -c'
ac_cv_prog_AWK=awk
ac_cv_prog_ac_ct_CC=gcc
ac_cv_prog_ac_ct_CXX=g++
ac_cv_prog_cc_c89=
ac_cv_prog_cc_g=yes
ac_cv_prog_cxx_g=yes
ac_cv_prog_make_make_set=yes
am_cv_CC_dependencies_compiler_type=gcc3
am_cv_CXX_dependencies_compiler_type=gcc3

## ----------------- ##
## Output variables. ##
## ----------------- ##

ACLOCAL='${SHELL} /Users/jordanm/Desktop/arsenic/missing --run aclocal-1.11'
AMDEPBACKSLASH='\'
AMDEP_FALSE='#'
AMDEP_TRUE=''
AMTAR='${SHELL} /Users/jordanm/Desktop/arsenic/missing --run tar'
AUTOCONF='${SHELL} /Users/jordanm/Desktop/arsenic/missing --run autoconf'
AUTOHEADER='${SHELL} /Users/jordanm/Desktop/arsenic/missing --run autoheader'
AUTOMAKE='${SHELL} /Users/jordanm/Desktop/arsenic/missing --run automake-1.11'
AWK='awk'
CC='gcc'
CCDEPMODE='depmode=gcc3'
CFLAGS='-g -O2'
CPP=''
CPPFLAGS=''
CXX='g++'
CXXDEPMODE='depmode=gcc3'
CXXFLAGS='-g -O2'
CYGPATH_W='echo'
DEFS=''
DEPDIR='.deps'
ECHO_C='\c'
ECHO_N=''
ECHO_T=''
EGREP=''
EXEEXT=''
GREP=''
INSTALL_DATA='${INSTALL} -m 644'
INSTALL_PROGRAM='${INSTALL}'
INSTALL_SCRIPT='${INSTALL}'
INSTALL_STRIP_PROGRAM='$(install_sh) -c -s'
LDFLAGS=''
LIBOBJS=''
LIBS='-lcurl -lcrypto '
LTLIBOBJS=''
MAKEINFO='${SHELL} /Users/jordanm/Desktop/arsenic/missing --run makeinfo'
MKDIR_P='./install-sh -c -d'
OBJEXT='o'
PACKAGE='arsenic'
PACKAGE_BUGREPORT='opensource@chronic-dev.org'
PACKAGE_NAME='arsenic'
PACKAGE_STRING='arsenic 0.1'
PACKAGE_TARNAME='arsenic'
PACKAGE_URL=''
PACKAGE_VERSION='0.1'
PATH_SEPARATOR=':'
SET_MAKE=''
SHELL='/bin/sh'
STRIP=''
VERSION='0.1'
ac_ct_CC='gcc'
ac_ct_CXX='g++'
am__EXEEXT_FALSE=''
am__EXEEXT_TRUE=''
am__fastdepCC_FALSE='#'
am__fastdepCC_TRUE=''
am__fastdepCXX_FALSE='#'
am__fastdepCXX_TRUE=''
am__include='include'
am__isrc=''
am__leading_dot='.'
am__quote=''
am__tar='${AMTAR} chof - "$$tardir"'
am__untar='${AMTAR} xf -'
bindir='${exec_prefix}/bin'
build_alias=''
datadir='${datarootdir}'
datarootdir='${prefix}/share'
docdir='${datarootdir}/doc/${PACKAGE_TARNAME}'
dvidir='${docdir}'
exec_prefix='NONE'
host_alias=''
htmldir='${docdir}'
includedir='${prefix}/include'
infodir='${datarootdir}/info'
install_sh='${SHELL} /Users/jordanm/Desktop/arsenic/install-sh'
libdir='${exec_prefix}/lib'
libexecdir='${exec_prefix}/libexec'
localedir='${datarootdir}/locale'
localstatedir='${prefix}/var'
mandir='${datarootdir}/man'
mkdir_p='$(top_builddir)/./install-sh -c -d'
oldincludedir='/usr/include'
pdfdir='${docdir}'
prefix='NONE'
program_transform_name='s,x,x,'
psdir='${docdir}'
sbindir='${exec_prefix}/sbin'
sharedstatedir='${prefix}/com'
sysconfdir='${prefix}/etc'
target_alias=''

## ----------- ##
## confdefs.h. ##
## ----------- ##

/* confdefs.h */
#define PACKAGE_NAME "arsenic"
#define PACKAGE_TARNAME "arsenic"
#define PACKAGE_VERSION "0.1"
#define PACKAGE_STRING "arsenic 0.1"
#define PACKAGE_BUGREPORT "opensource@chronic-dev.org"
#define PACKAGE_URL ""
#define PACKAGE "arsenic"
#define VERSION "0.1"
#define HAVE_LIBCRYPTO 1
#define HAVE_LIBCURL 1

configure: exit 1
